{
  "0 debug pnpm:scope": {
    "selected": 1,
    "workspacePrefix": "C:\\Users\\mmcdonald\\dev\\pbotapps-cms-backend"
  },
  "1 error pnpm": {
    "shortMessage": "Command failed with exit code 1: C:\\Users\\MMCDON~1\\AppData\\Local\\Temp\\2\\dlx-28904\\create-strapi-app.CMD data-catalog",
    "command": "C:\\Users\\MMCDON~1\\AppData\\Local\\Temp\\2\\dlx-28904\\create-strapi-app.CMD data-catalog",
    "escapedCommand": "\"C:\\Users\\MMCDON~1\\AppData\\Local\\Temp\\2\\dlx-28904\\create-strapi-app.CMD\" data-catalog",
    "exitCode": 1,
    "failed": true,
    "timedOut": false,
    "isCanceled": false,
    "killed": false,
    "err": {
      "name": "pnpm",
      "message": "Command failed with exit code 1: C:\\Users\\MMCDON~1\\AppData\\Local\\Temp\\2\\dlx-28904\\create-strapi-app.CMD data-catalog",
      "stack": "pnpm: Command failed with exit code 1: C:\\Users\\MMCDON~1\\AppData\\Local\\Temp\\2\\dlx-28904\\create-strapi-app.CMD data-catalog\n    at makeError (C:\\Users\\mmcdonald\\scoop\\persist\\nvm\\nodejs\\v16.13.0\\node_modules\\pnpm\\dist\\pnpm.cjs:37259:17)\n    at handlePromise (C:\\Users\\mmcdonald\\scoop\\persist\\nvm\\nodejs\\v16.13.0\\node_modules\\pnpm\\dist\\pnpm.cjs:37830:33)\n    at processTicksAndRejections (node:internal/process/task_queues:96:5)\n    at async Object.handler [as dlx] (C:\\Users\\mmcdonald\\scoop\\persist\\nvm\\nodejs\\v16.13.0\\node_modules\\pnpm\\dist\\pnpm.cjs:129584:7)\n    at async C:\\Users\\mmcdonald\\scoop\\persist\\nvm\\nodejs\\v16.13.0\\node_modules\\pnpm\\dist\\pnpm.cjs:134203:20\n    at async run (C:\\Users\\mmcdonald\\scoop\\persist\\nvm\\nodejs\\v16.13.0\\node_modules\\pnpm\\dist\\pnpm.cjs:134177:34)\n    at async runPnpm (C:\\Users\\mmcdonald\\scoop\\persist\\nvm\\nodejs\\v16.13.0\\node_modules\\pnpm\\dist\\pnpm.cjs:134389:5)\n    at async C:\\Users\\mmcdonald\\scoop\\persist\\nvm\\nodejs\\v16.13.0\\node_modules\\pnpm\\dist\\pnpm.cjs:134381:7"
    }
  }
}